<?xml version="1.0" encoding="UTF-8"?>
<!-- Generated by org.testng.reporters.JUnitXMLReporter -->
<testsuite ignored="0" hostname="PQA-0676LT" failures="0" tests="3" name="Add customer" time="10.013" errors="0" timestamp="2022-07-20T13:04:04 EDT">
  <testcase classname="com.mj.testcases.AddCustTest" name="addCust" time="3.662"/>
  <testcase classname="com.mj.testcases.AddCustTest" name="addCust" time="3.196"/>
  <testcase classname="com.mj.testcases.AddCustTest" name="addCust" time="3.139"/>
</testsuite> <!-- Add customer -->
