<?xml version="1.0" encoding="UTF-8"?>
<testng-results ignored="0" total="4" passed="4" failed="0" skipped="0">
  <reporter-output>
  </reporter-output>
  <suite started-at="2022-07-20T13:03:51 EDT" name="Data Driven Live1" finished-at="2022-07-20T13:04:04 EDT" duration-ms="13818">
    <groups>
    </groups>
    <test started-at="2022-07-20T13:03:51 EDT" name="Bank manager login" finished-at="2022-07-20T13:03:54 EDT" duration-ms="3789">
      <class name="com.mj.testcases.BmLoginTest">
        <test-method signature="loginasBM()[pri:0, instance:com.mj.testcases.BmLoginTest@7fbdb894]" started-at="2022-07-20T13:03:51 EDT" name="loginasBM" finished-at="2022-07-20T13:03:54 EDT" duration-ms="3763" status="PASS">
          <reporter-output>
          </reporter-output>
        </test-method> <!-- loginasBM -->
      </class> <!-- com.mj.testcases.BmLoginTest -->
    </test> <!-- Bank manager login -->
    <test started-at="2022-07-20T13:03:54 EDT" name="Add customer" finished-at="2022-07-20T13:04:04 EDT" duration-ms="10013">
      <class name="com.mj.testcases.AddCustTest">
        <test-method is-config="true" signature="setUp()[pri:0, instance:com.mj.testcases.AddCustTest@6f44a157]" started-at="2022-07-20T13:03:48 EDT" name="setUp" finished-at="2022-07-20T13:03:51 EDT" duration-ms="2950" status="PASS">
          <reporter-output>
          </reporter-output>
        </test-method> <!-- setUp -->
        <test-method signature="addCust(java.lang.String,java.lang.String,java.lang.String,java.lang.String)[pri:0, instance:com.mj.testcases.AddCustTest@6f44a157]" started-at="2022-07-20T13:03:54 EDT" name="addCust" data-provider="getData" finished-at="2022-07-20T13:03:58 EDT" duration-ms="3662" status="PASS">
          <params>
            <param index="0">
              <value>
                <![CDATA[John]]>
              </value>
            </param>
            <param index="1">
              <value>
                <![CDATA[Snow]]>
              </value>
            </param>
            <param index="2">
              <value>
                <![CDATA[1234.0]]>
              </value>
            </param>
            <param index="3">
              <value>
                <![CDATA[Customer added successfully]]>
              </value>
            </param>
          </params>
          <reporter-output>
          </reporter-output>
        </test-method> <!-- addCust -->
        <test-method signature="addCust(java.lang.String,java.lang.String,java.lang.String,java.lang.String)[pri:0, instance:com.mj.testcases.AddCustTest@6f44a157]" started-at="2022-07-20T13:03:58 EDT" name="addCust" data-provider="getData" finished-at="2022-07-20T13:04:01 EDT" duration-ms="3196" status="PASS">
          <params>
            <param index="0">
              <value>
                <![CDATA[Jaime]]>
              </value>
            </param>
            <param index="1">
              <value>
                <![CDATA[Lannister]]>
              </value>
            </param>
            <param index="2">
              <value>
                <![CDATA[4675.0]]>
              </value>
            </param>
            <param index="3">
              <value>
                <![CDATA[]]>
              </value>
            </param>
          </params>
          <reporter-output>
          </reporter-output>
        </test-method> <!-- addCust -->
        <test-method signature="addCust(java.lang.String,java.lang.String,java.lang.String,java.lang.String)[pri:0, instance:com.mj.testcases.AddCustTest@6f44a157]" started-at="2022-07-20T13:04:01 EDT" name="addCust" data-provider="getData" finished-at="2022-07-20T13:04:04 EDT" duration-ms="3139" status="PASS">
          <params>
            <param index="0">
              <value>
                <![CDATA[Arya ]]>
              </value>
            </param>
            <param index="1">
              <value>
                <![CDATA[Stark]]>
              </value>
            </param>
            <param index="2">
              <value>
                <![CDATA[6785.0]]>
              </value>
            </param>
            <param index="3">
              <value>
                <![CDATA[]]>
              </value>
            </param>
          </params>
          <reporter-output>
          </reporter-output>
        </test-method> <!-- addCust -->
        <test-method is-config="true" signature="tearDown()[pri:0, instance:com.mj.testcases.AddCustTest@6f44a157]" started-at="2022-07-20T13:04:04 EDT" name="tearDown" finished-at="2022-07-20T13:04:04 EDT" duration-ms="1" status="PASS">
          <reporter-output>
          </reporter-output>
        </test-method> <!-- tearDown -->
      </class> <!-- com.mj.testcases.AddCustTest -->
    </test> <!-- Add customer -->
  </suite> <!-- Data Driven Live1 -->
</testng-results>
